<?xml version="1.0" encoding="UTF-8"?>
<!-- Generated by org.testng.reporters.JUnitReportReporter -->
<testsuite hostname="DESKTOP-T65CPCB" failures="0" tests="1" name="test.LoginTest" time="6.093" errors="0" timestamp="2022-10-17T20:09:47 IST" skipped="0">
  <testcase classname="test.LoginTest" name="verifyLogin" time="6.093"/>
  <system-out/>
</testsuite> <!-- test.LoginTest -->
