<?xml version="1.0" encoding="UTF-8"?>
<!-- Generated by org.testng.reporters.JUnitReportReporter -->
<testsuite hostname="DESKTOP-T65CPCB" name="test.LoginTest" tests="1" failures="0" timestamp="17 Oct 2022 15:01:31 GMT" time="8.636" errors="0">
  <testcase name="verifyLogin" time="8.636" classname="test.LoginTest"/>
</testsuite> <!-- test.LoginTest -->
